<?xml version="1.0" encoding="UTF-8"?>
<!-- Generated by org.testng.reporters.JUnitReportReporter -->
<testsuite hostname="DESKTOP-GATH0OD" failures="0" tests="1" name="Runner.TestRunnerTestNG" time="98.534" errors="0" timestamp="12 May 2022 06:57:18 GMT">
  <testcase classname="Runner.TestRunnerTestNG" name="feature" time="98.534"/>
</testsuite> <!-- Runner.TestRunnerTestNG -->
